20/02/06 00:21:38 WARN NativeCodeLoader: Unable to load native-hadoop library for your platform... using builtin-java classes where applicable
20/02/06 00:21:39 INFO SparkContext: Running Spark version 2.4.3
20/02/06 00:21:39 INFO SparkContext: Submitted application: sparklyr
20/02/06 00:21:39 INFO SecurityManager: Changing view acls to: dan.zafar
20/02/06 00:21:39 INFO SecurityManager: Changing modify acls to: dan.zafar
20/02/06 00:21:39 INFO SecurityManager: Changing view acls groups to: 
20/02/06 00:21:39 INFO SecurityManager: Changing modify acls groups to: 
20/02/06 00:21:39 INFO SecurityManager: SecurityManager: authentication disabled; ui acls disabled; users  with view permissions: Set(dan.zafar); groups with view permissions: Set(); users  with modify permissions: Set(dan.zafar); groups with modify permissions: Set()
20/02/06 00:21:39 INFO Utils: Successfully started service 'sparkDriver' on port 53395.
20/02/06 00:21:39 INFO SparkEnv: Registering MapOutputTracker
20/02/06 00:21:39 INFO SparkEnv: Registering BlockManagerMaster
20/02/06 00:21:39 INFO BlockManagerMasterEndpoint: Using org.apache.spark.storage.DefaultTopologyMapper for getting topology information
20/02/06 00:21:39 INFO BlockManagerMasterEndpoint: BlockManagerMasterEndpoint up
20/02/06 00:21:39 INFO DiskBlockManager: Created local directory at /private/var/folders/ng/lwsgjtj52wx9kxct335y7_3h0000gq/T/blockmgr-6cb23122-a2ad-4526-8f50-788ee843fba4
20/02/06 00:21:39 INFO MemoryStore: MemoryStore started with capacity 912.3 MB
20/02/06 00:21:39 INFO SparkEnv: Registering OutputCommitCoordinator
20/02/06 00:21:39 INFO Utils: Successfully started service 'SparkUI' on port 4040.
20/02/06 00:21:39 INFO SparkUI: Bound SparkUI to 127.0.0.1, and started at http://localhost:4040
20/02/06 00:21:39 INFO SparkContext: Added JAR file:/Library/Frameworks/R.framework/Versions/3.6/Resources/library/sparklyr/java/sparklyr-2.3-2.11.jar at spark://localhost:53395/jars/sparklyr-2.3-2.11.jar with timestamp 1580973699930
20/02/06 00:21:40 INFO Executor: Starting executor ID driver on host localhost
20/02/06 00:21:40 INFO Utils: Successfully started service 'org.apache.spark.network.netty.NettyBlockTransferService' on port 53397.
20/02/06 00:21:40 INFO NettyBlockTransferService: Server created on localhost:53397
20/02/06 00:21:40 INFO BlockManager: Using org.apache.spark.storage.RandomBlockReplicationPolicy for block replication policy
20/02/06 00:21:40 INFO BlockManagerMaster: Registering BlockManager BlockManagerId(driver, localhost, 53397, None)
20/02/06 00:21:40 INFO BlockManagerMasterEndpoint: Registering block manager localhost:53397 with 912.3 MB RAM, BlockManagerId(driver, localhost, 53397, None)
20/02/06 00:21:40 INFO BlockManagerMaster: Registered BlockManager BlockManagerId(driver, localhost, 53397, None)
20/02/06 00:21:40 INFO BlockManager: Initialized BlockManager: BlockManagerId(driver, localhost, 53397, None)
20/02/06 00:21:40 INFO SharedState: loading hive config file: file:/Users/dan.zafar/spark/spark-2.4.3-bin-hadoop2.7/conf/hive-site.xml
20/02/06 00:21:40 INFO SharedState: Setting hive.metastore.warehouse.dir ('null') to the value of spark.sql.warehouse.dir ('file:/Users/dan.zafar/Desktop/tidyspark/spark-warehouse').
20/02/06 00:21:40 INFO SharedState: Warehouse path is 'file:/Users/dan.zafar/Desktop/tidyspark/spark-warehouse'.
20/02/06 00:21:41 INFO StateStoreCoordinatorRef: Registered StateStoreCoordinator endpoint
20/02/06 00:21:42 INFO HiveUtils: Initializing HiveMetastoreConnection version 1.2.1 using Spark classes.
20/02/06 00:21:43 INFO HiveMetaStore: 0: Opening raw store with implemenation class:org.apache.hadoop.hive.metastore.ObjectStore
20/02/06 00:21:43 INFO ObjectStore: ObjectStore, initialize called
20/02/06 00:21:43 INFO Persistence: Property hive.metastore.integral.jdo.pushdown unknown - will be ignored
20/02/06 00:21:43 INFO Persistence: Property datanucleus.cache.level2 unknown - will be ignored
20/02/06 00:21:45 INFO ObjectStore: Setting MetaStore object pin classes with hive.metastore.cache.pinobjtypes="Table,StorageDescriptor,SerDeInfo,Partition,Database,Type,FieldSchema,Order"
20/02/06 00:21:45 INFO Datastore: The class "org.apache.hadoop.hive.metastore.model.MFieldSchema" is tagged as "embedded-only" so does not have its own datastore table.
20/02/06 00:21:45 INFO Datastore: The class "org.apache.hadoop.hive.metastore.model.MOrder" is tagged as "embedded-only" so does not have its own datastore table.
20/02/06 00:21:46 INFO Datastore: The class "org.apache.hadoop.hive.metastore.model.MFieldSchema" is tagged as "embedded-only" so does not have its own datastore table.
20/02/06 00:21:46 INFO Datastore: The class "org.apache.hadoop.hive.metastore.model.MOrder" is tagged as "embedded-only" so does not have its own datastore table.
20/02/06 00:21:46 INFO MetaStoreDirectSql: Using direct SQL, underlying DB is DERBY
20/02/06 00:21:46 INFO ObjectStore: Initialized ObjectStore
20/02/06 00:21:46 WARN ObjectStore: Version information not found in metastore. hive.metastore.schema.verification is not enabled so recording the schema version 1.2.0
20/02/06 00:21:46 WARN ObjectStore: Failed to get database default, returning NoSuchObjectException
20/02/06 00:21:46 INFO HiveMetaStore: Added admin role in metastore
20/02/06 00:21:46 INFO HiveMetaStore: Added public role in metastore
20/02/06 00:21:46 INFO HiveMetaStore: No user is added in admin role, since config is empty
20/02/06 00:21:46 INFO HiveMetaStore: 0: get_all_databases
20/02/06 00:21:46 INFO audit: ugi=dan.zafar	ip=unknown-ip-addr	cmd=get_all_databases	
20/02/06 00:21:46 INFO HiveMetaStore: 0: get_functions: db=default pat=*
20/02/06 00:21:46 INFO audit: ugi=dan.zafar	ip=unknown-ip-addr	cmd=get_functions: db=default pat=*	
20/02/06 00:21:46 INFO Datastore: The class "org.apache.hadoop.hive.metastore.model.MResourceUri" is tagged as "embedded-only" so does not have its own datastore table.
20/02/06 00:21:47 INFO SessionState: Created local directory: /var/folders/ng/lwsgjtj52wx9kxct335y7_3h0000gq/T/cbf3afa4-ba33-414e-bf77-2b1cf9499ac5_resources
20/02/06 00:21:47 INFO SessionState: Created HDFS directory: /tmp/hive/dan.zafar/cbf3afa4-ba33-414e-bf77-2b1cf9499ac5
20/02/06 00:21:47 INFO SessionState: Created local directory: /var/folders/ng/lwsgjtj52wx9kxct335y7_3h0000gq/T/dan.zafar/cbf3afa4-ba33-414e-bf77-2b1cf9499ac5
20/02/06 00:21:47 INFO SessionState: Created HDFS directory: /tmp/hive/dan.zafar/cbf3afa4-ba33-414e-bf77-2b1cf9499ac5/_tmp_space.db
20/02/06 00:21:47 INFO HiveClientImpl: Warehouse location for Hive client (version 1.2.2) is file:/Users/dan.zafar/Desktop/tidyspark/spark-warehouse
20/02/06 00:21:47 INFO HiveMetaStore: 0: get_database: default
20/02/06 00:21:47 INFO audit: ugi=dan.zafar	ip=unknown-ip-addr	cmd=get_database: default	
20/02/06 00:21:47 INFO HiveMetaStore: 0: get_database: global_temp
20/02/06 00:21:47 INFO audit: ugi=dan.zafar	ip=unknown-ip-addr	cmd=get_database: global_temp	
20/02/06 00:21:47 WARN ObjectStore: Failed to get database global_temp, returning NoSuchObjectException
20/02/06 00:21:47 INFO HiveMetaStore: 0: get_database: default
20/02/06 00:21:47 INFO audit: ugi=dan.zafar	ip=unknown-ip-addr	cmd=get_database: default	
20/02/06 00:21:47 INFO HiveMetaStore: 0: get_database: default
20/02/06 00:21:47 INFO audit: ugi=dan.zafar	ip=unknown-ip-addr	cmd=get_database: default	
20/02/06 00:21:47 INFO HiveMetaStore: 0: get_tables: db=default pat=*
20/02/06 00:21:47 INFO audit: ugi=dan.zafar	ip=unknown-ip-addr	cmd=get_tables: db=default pat=*	
20/02/06 00:21:47 INFO CodeGenerator: Code generated in 173.143877 ms
20/02/06 00:22:08 INFO HiveMetaStore: 0: get_database: default
20/02/06 00:22:08 INFO audit: ugi=dan.zafar	ip=unknown-ip-addr	cmd=get_database: default	
20/02/06 00:22:08 INFO HiveMetaStore: 0: get_database: default
20/02/06 00:22:08 INFO audit: ugi=dan.zafar	ip=unknown-ip-addr	cmd=get_database: default	
20/02/06 00:22:08 INFO HiveMetaStore: 0: get_tables: db=default pat=*
20/02/06 00:22:08 INFO audit: ugi=dan.zafar	ip=unknown-ip-addr	cmd=get_tables: db=default pat=*	
20/02/06 00:22:08 INFO SparkContext: Starting job: collect at utils.scala:44
20/02/06 00:22:08 INFO DAGScheduler: Got job 0 (collect at utils.scala:44) with 1 output partitions
20/02/06 00:22:08 INFO DAGScheduler: Final stage: ResultStage 0 (collect at utils.scala:44)
20/02/06 00:22:08 INFO DAGScheduler: Parents of final stage: List()
20/02/06 00:22:08 INFO DAGScheduler: Missing parents: List()
20/02/06 00:22:08 INFO DAGScheduler: Submitting ResultStage 0 (MapPartitionsRDD[4] at map at utils.scala:41), which has no missing parents
20/02/06 00:22:09 INFO MemoryStore: Block broadcast_0 stored as values in memory (estimated size 6.0 KB, free 912.3 MB)
20/02/06 00:22:09 INFO MemoryStore: Block broadcast_0_piece0 stored as bytes in memory (estimated size 3.4 KB, free 912.3 MB)
20/02/06 00:22:09 INFO BlockManagerInfo: Added broadcast_0_piece0 in memory on localhost:53397 (size: 3.4 KB, free: 912.3 MB)
20/02/06 00:22:09 INFO SparkContext: Created broadcast 0 from broadcast at DAGScheduler.scala:1161
20/02/06 00:22:09 INFO DAGScheduler: Submitting 1 missing tasks from ResultStage 0 (MapPartitionsRDD[4] at map at utils.scala:41) (first 15 tasks are for partitions Vector(0))
20/02/06 00:22:09 INFO TaskSchedulerImpl: Adding task set 0.0 with 1 tasks
20/02/06 00:22:09 INFO TaskSetManager: Starting task 0.0 in stage 0.0 (TID 0, localhost, executor driver, partition 0, PROCESS_LOCAL, 7893 bytes)
20/02/06 00:22:09 INFO Executor: Running task 0.0 in stage 0.0 (TID 0)
20/02/06 00:22:09 INFO Executor: Fetching spark://localhost:53395/jars/sparklyr-2.3-2.11.jar with timestamp 1580973699930
20/02/06 00:22:09 INFO TransportClientFactory: Successfully created connection to localhost/127.0.0.1:53395 after 19 ms (0 ms spent in bootstraps)
20/02/06 00:22:09 INFO Utils: Fetching spark://localhost:53395/jars/sparklyr-2.3-2.11.jar to /private/var/folders/ng/lwsgjtj52wx9kxct335y7_3h0000gq/T/spark-3978fc28-389e-4879-9550-0ee1087b1837/userFiles-852b1312-01a8-4acf-827f-ada2331265bf/fetchFileTemp4767082410185906565.tmp
20/02/06 00:22:09 INFO Executor: Adding file:/private/var/folders/ng/lwsgjtj52wx9kxct335y7_3h0000gq/T/spark-3978fc28-389e-4879-9550-0ee1087b1837/userFiles-852b1312-01a8-4acf-827f-ada2331265bf/sparklyr-2.3-2.11.jar to class loader
20/02/06 00:22:09 INFO CodeGenerator: Code generated in 9.728754 ms
20/02/06 00:22:09 INFO Executor: Finished task 0.0 in stage 0.0 (TID 0). 970 bytes result sent to driver
20/02/06 00:22:09 INFO TaskSetManager: Finished task 0.0 in stage 0.0 (TID 0) in 208 ms on localhost (executor driver) (1/1)
20/02/06 00:22:09 INFO TaskSchedulerImpl: Removed TaskSet 0.0, whose tasks have all completed, from pool 
20/02/06 00:22:09 INFO DAGScheduler: ResultStage 0 (collect at utils.scala:44) finished in 0.387 s
20/02/06 00:22:09 INFO DAGScheduler: Job 0 finished: collect at utils.scala:44, took 0.449095 s
20/02/06 00:22:14 INFO ContextCleaner: Cleaned accumulator 18
20/02/06 00:22:14 INFO ContextCleaner: Cleaned accumulator 16
20/02/06 00:22:14 INFO ContextCleaner: Cleaned accumulator 6
20/02/06 00:22:14 INFO ContextCleaner: Cleaned accumulator 9
20/02/06 00:22:14 INFO ContextCleaner: Cleaned accumulator 15
20/02/06 00:22:14 INFO ContextCleaner: Cleaned accumulator 17
20/02/06 00:22:14 INFO ContextCleaner: Cleaned accumulator 13
20/02/06 00:22:14 INFO ContextCleaner: Cleaned accumulator 20
20/02/06 00:22:14 INFO ContextCleaner: Cleaned accumulator 14
20/02/06 00:22:14 INFO ContextCleaner: Cleaned accumulator 23
20/02/06 00:22:14 INFO ContextCleaner: Cleaned accumulator 24
20/02/06 00:22:14 INFO ContextCleaner: Cleaned accumulator 2
20/02/06 00:22:14 INFO ContextCleaner: Cleaned accumulator 1
20/02/06 00:22:14 INFO ContextCleaner: Cleaned accumulator 21
20/02/06 00:22:14 INFO ContextCleaner: Cleaned accumulator 0
20/02/06 00:22:14 INFO ContextCleaner: Cleaned accumulator 11
20/02/06 00:22:14 INFO ContextCleaner: Cleaned accumulator 3
20/02/06 00:22:14 INFO ContextCleaner: Cleaned accumulator 8
20/02/06 00:22:14 INFO BlockManagerInfo: Removed broadcast_0_piece0 on localhost:53397 in memory (size: 3.4 KB, free: 912.3 MB)
20/02/06 00:22:14 INFO ContextCleaner: Cleaned accumulator 10
20/02/06 00:22:14 INFO ContextCleaner: Cleaned accumulator 4
20/02/06 00:22:14 INFO ContextCleaner: Cleaned accumulator 25
20/02/06 00:22:14 INFO ContextCleaner: Cleaned accumulator 7
20/02/06 00:22:14 INFO ContextCleaner: Cleaned accumulator 19
20/02/06 00:22:14 INFO ContextCleaner: Cleaned accumulator 12
20/02/06 00:22:14 INFO ContextCleaner: Cleaned accumulator 5
20/02/06 00:22:14 INFO ContextCleaner: Cleaned accumulator 22
20/02/06 00:22:14 INFO CodeGenerator: Code generated in 23.287155 ms
20/02/06 00:22:14 INFO CodeGenerator: Code generated in 12.11782 ms
20/02/06 00:22:14 INFO SparkContext: Starting job: sql at NativeMethodAccessorImpl.java:0
20/02/06 00:22:14 INFO DAGScheduler: Registering RDD 14 (sql at NativeMethodAccessorImpl.java:0)
20/02/06 00:22:14 INFO DAGScheduler: Got job 1 (sql at NativeMethodAccessorImpl.java:0) with 1 output partitions
20/02/06 00:22:14 INFO DAGScheduler: Final stage: ResultStage 2 (sql at NativeMethodAccessorImpl.java:0)
20/02/06 00:22:14 INFO DAGScheduler: Parents of final stage: List(ShuffleMapStage 1)
20/02/06 00:22:14 INFO DAGScheduler: Missing parents: List(ShuffleMapStage 1)
20/02/06 00:22:14 INFO DAGScheduler: Submitting ShuffleMapStage 1 (MapPartitionsRDD[14] at sql at NativeMethodAccessorImpl.java:0), which has no missing parents
20/02/06 00:22:14 INFO MemoryStore: Block broadcast_1 stored as values in memory (estimated size 34.1 KB, free 912.3 MB)
20/02/06 00:22:14 INFO MemoryStore: Block broadcast_1_piece0 stored as bytes in memory (estimated size 14.4 KB, free 912.3 MB)
20/02/06 00:22:14 INFO BlockManagerInfo: Added broadcast_1_piece0 in memory on localhost:53397 (size: 14.4 KB, free: 912.3 MB)
20/02/06 00:22:14 INFO SparkContext: Created broadcast 1 from broadcast at DAGScheduler.scala:1161
20/02/06 00:22:14 INFO DAGScheduler: Submitting 1 missing tasks from ShuffleMapStage 1 (MapPartitionsRDD[14] at sql at NativeMethodAccessorImpl.java:0) (first 15 tasks are for partitions Vector(0))
20/02/06 00:22:14 INFO TaskSchedulerImpl: Adding task set 1.0 with 1 tasks
20/02/06 00:22:14 WARN TaskSetManager: Stage 1 contains a task of very large size (27702 KB). The maximum recommended task size is 100 KB.
20/02/06 00:22:14 INFO TaskSetManager: Starting task 0.0 in stage 1.0 (TID 1, localhost, executor driver, partition 0, PROCESS_LOCAL, 28367217 bytes)
20/02/06 00:22:14 INFO Executor: Running task 0.0 in stage 1.0 (TID 1)
20/02/06 00:22:15 INFO CodeGenerator: Code generated in 23.947591 ms
20/02/06 00:22:15 INFO CodeGenerator: Code generated in 81.087943 ms
20/02/06 00:22:18 INFO MemoryStore: Block rdd_9_0 stored as values in memory (estimated size 22.5 MB, free 889.8 MB)
20/02/06 00:22:18 INFO BlockManagerInfo: Added rdd_9_0 in memory on localhost:53397 (size: 22.5 MB, free: 889.8 MB)
20/02/06 00:22:18 INFO CodeGenerator: Code generated in 3.982501 ms
20/02/06 00:22:18 INFO CodeGenerator: Code generated in 12.140763 ms
20/02/06 00:22:18 INFO Executor: Finished task 0.0 in stage 1.0 (TID 1). 1781 bytes result sent to driver
20/02/06 00:22:18 INFO TaskSetManager: Finished task 0.0 in stage 1.0 (TID 1) in 3632 ms on localhost (executor driver) (1/1)
20/02/06 00:22:18 INFO TaskSchedulerImpl: Removed TaskSet 1.0, whose tasks have all completed, from pool 
20/02/06 00:22:18 INFO DAGScheduler: ShuffleMapStage 1 (sql at NativeMethodAccessorImpl.java:0) finished in 3.668 s
20/02/06 00:22:18 INFO DAGScheduler: looking for newly runnable stages
20/02/06 00:22:18 INFO DAGScheduler: running: Set()
20/02/06 00:22:18 INFO DAGScheduler: waiting: Set(ResultStage 2)
20/02/06 00:22:18 INFO DAGScheduler: failed: Set()
20/02/06 00:22:18 INFO DAGScheduler: Submitting ResultStage 2 (MapPartitionsRDD[17] at sql at NativeMethodAccessorImpl.java:0), which has no missing parents
20/02/06 00:22:18 INFO MemoryStore: Block broadcast_2 stored as values in memory (estimated size 7.1 KB, free 889.7 MB)
20/02/06 00:22:18 INFO MemoryStore: Block broadcast_2_piece0 stored as bytes in memory (estimated size 3.8 KB, free 889.7 MB)
20/02/06 00:22:18 INFO BlockManagerInfo: Added broadcast_2_piece0 in memory on localhost:53397 (size: 3.8 KB, free: 889.8 MB)
20/02/06 00:22:18 INFO SparkContext: Created broadcast 2 from broadcast at DAGScheduler.scala:1161
20/02/06 00:22:18 INFO DAGScheduler: Submitting 1 missing tasks from ResultStage 2 (MapPartitionsRDD[17] at sql at NativeMethodAccessorImpl.java:0) (first 15 tasks are for partitions Vector(0))
20/02/06 00:22:18 INFO TaskSchedulerImpl: Adding task set 2.0 with 1 tasks
20/02/06 00:22:18 INFO TaskSetManager: Starting task 0.0 in stage 2.0 (TID 2, localhost, executor driver, partition 0, NODE_LOCAL, 7767 bytes)
20/02/06 00:22:18 INFO Executor: Running task 0.0 in stage 2.0 (TID 2)
20/02/06 00:22:18 INFO ShuffleBlockFetcherIterator: Getting 1 non-empty blocks including 1 local blocks and 0 remote blocks
20/02/06 00:22:18 INFO ShuffleBlockFetcherIterator: Started 0 remote fetches in 8 ms
20/02/06 00:22:18 INFO Executor: Finished task 0.0 in stage 2.0 (TID 2). 1825 bytes result sent to driver
20/02/06 00:22:18 INFO TaskSetManager: Finished task 0.0 in stage 2.0 (TID 2) in 53 ms on localhost (executor driver) (1/1)
20/02/06 00:22:18 INFO TaskSchedulerImpl: Removed TaskSet 2.0, whose tasks have all completed, from pool 
20/02/06 00:22:18 INFO DAGScheduler: ResultStage 2 (sql at NativeMethodAccessorImpl.java:0) finished in 0.060 s
20/02/06 00:22:18 INFO DAGScheduler: Job 1 finished: sql at NativeMethodAccessorImpl.java:0, took 3.750813 s
20/02/06 00:22:18 INFO CodeGenerator: Code generated in 6.180076 ms
20/02/06 00:22:18 INFO SparkContext: Starting job: collect at utils.scala:204
20/02/06 00:22:18 INFO DAGScheduler: Registering RDD 22 (collect at utils.scala:204)
20/02/06 00:22:18 INFO DAGScheduler: Got job 2 (collect at utils.scala:204) with 1 output partitions
20/02/06 00:22:18 INFO DAGScheduler: Final stage: ResultStage 4 (collect at utils.scala:204)
20/02/06 00:22:18 INFO DAGScheduler: Parents of final stage: List(ShuffleMapStage 3)
20/02/06 00:22:18 INFO DAGScheduler: Missing parents: List(ShuffleMapStage 3)
20/02/06 00:22:18 INFO DAGScheduler: Submitting ShuffleMapStage 3 (MapPartitionsRDD[22] at collect at utils.scala:204), which has no missing parents
20/02/06 00:22:18 INFO MemoryStore: Block broadcast_3 stored as values in memory (estimated size 34.1 KB, free 889.7 MB)
20/02/06 00:22:18 INFO MemoryStore: Block broadcast_3_piece0 stored as bytes in memory (estimated size 14.3 KB, free 889.7 MB)
20/02/06 00:22:18 INFO BlockManagerInfo: Added broadcast_3_piece0 in memory on localhost:53397 (size: 14.3 KB, free: 889.8 MB)
20/02/06 00:22:18 INFO SparkContext: Created broadcast 3 from broadcast at DAGScheduler.scala:1161
20/02/06 00:22:18 INFO DAGScheduler: Submitting 1 missing tasks from ShuffleMapStage 3 (MapPartitionsRDD[22] at collect at utils.scala:204) (first 15 tasks are for partitions Vector(0))
20/02/06 00:22:18 INFO TaskSchedulerImpl: Adding task set 3.0 with 1 tasks
20/02/06 00:22:18 WARN TaskSetManager: Stage 3 contains a task of very large size (27702 KB). The maximum recommended task size is 100 KB.
20/02/06 00:22:18 INFO TaskSetManager: Starting task 0.0 in stage 3.0 (TID 3, localhost, executor driver, partition 0, PROCESS_LOCAL, 28367217 bytes)
20/02/06 00:22:18 INFO Executor: Running task 0.0 in stage 3.0 (TID 3)
20/02/06 00:22:18 INFO BlockManager: Found block rdd_9_0 locally
20/02/06 00:22:18 INFO Executor: Finished task 0.0 in stage 3.0 (TID 3). 1781 bytes result sent to driver
20/02/06 00:22:18 INFO TaskSetManager: Finished task 0.0 in stage 3.0 (TID 3) in 322 ms on localhost (executor driver) (1/1)
20/02/06 00:22:18 INFO TaskSchedulerImpl: Removed TaskSet 3.0, whose tasks have all completed, from pool 
20/02/06 00:22:18 INFO DAGScheduler: ShuffleMapStage 3 (collect at utils.scala:204) finished in 0.337 s
20/02/06 00:22:18 INFO DAGScheduler: looking for newly runnable stages
20/02/06 00:22:18 INFO DAGScheduler: running: Set()
20/02/06 00:22:18 INFO DAGScheduler: waiting: Set(ResultStage 4)
20/02/06 00:22:18 INFO DAGScheduler: failed: Set()
20/02/06 00:22:18 INFO DAGScheduler: Submitting ResultStage 4 (MapPartitionsRDD[25] at collect at utils.scala:204), which has no missing parents
20/02/06 00:22:18 INFO MemoryStore: Block broadcast_4 stored as values in memory (estimated size 7.1 KB, free 889.7 MB)
20/02/06 00:22:18 INFO MemoryStore: Block broadcast_4_piece0 stored as bytes in memory (estimated size 3.8 KB, free 889.7 MB)
20/02/06 00:22:18 INFO BlockManagerInfo: Added broadcast_4_piece0 in memory on localhost:53397 (size: 3.8 KB, free: 889.8 MB)
20/02/06 00:22:18 INFO SparkContext: Created broadcast 4 from broadcast at DAGScheduler.scala:1161
20/02/06 00:22:18 INFO DAGScheduler: Submitting 1 missing tasks from ResultStage 4 (MapPartitionsRDD[25] at collect at utils.scala:204) (first 15 tasks are for partitions Vector(0))
20/02/06 00:22:18 INFO TaskSchedulerImpl: Adding task set 4.0 with 1 tasks
20/02/06 00:22:18 INFO TaskSetManager: Starting task 0.0 in stage 4.0 (TID 4, localhost, executor driver, partition 0, NODE_LOCAL, 7767 bytes)
20/02/06 00:22:18 INFO Executor: Running task 0.0 in stage 4.0 (TID 4)
20/02/06 00:22:18 INFO ShuffleBlockFetcherIterator: Getting 1 non-empty blocks including 1 local blocks and 0 remote blocks
20/02/06 00:22:18 INFO ShuffleBlockFetcherIterator: Started 0 remote fetches in 0 ms
20/02/06 00:22:18 INFO Executor: Finished task 0.0 in stage 4.0 (TID 4). 1782 bytes result sent to driver
20/02/06 00:22:18 INFO TaskSetManager: Finished task 0.0 in stage 4.0 (TID 4) in 5 ms on localhost (executor driver) (1/1)
20/02/06 00:22:18 INFO TaskSchedulerImpl: Removed TaskSet 4.0, whose tasks have all completed, from pool 
20/02/06 00:22:18 INFO DAGScheduler: ResultStage 4 (collect at utils.scala:204) finished in 0.011 s
20/02/06 00:22:18 INFO DAGScheduler: Job 2 finished: collect at utils.scala:204, took 0.357843 s
20/02/06 00:22:21 INFO CodeGenerator: Code generated in 18.541761 ms
20/02/06 00:22:21 INFO SparkContext: Starting job: collect at utils.scala:204
20/02/06 00:22:21 INFO DAGScheduler: Got job 3 (collect at utils.scala:204) with 1 output partitions
20/02/06 00:22:21 INFO DAGScheduler: Final stage: ResultStage 5 (collect at utils.scala:204)
20/02/06 00:22:21 INFO DAGScheduler: Parents of final stage: List()
20/02/06 00:22:21 INFO DAGScheduler: Missing parents: List()
20/02/06 00:22:21 INFO DAGScheduler: Submitting ResultStage 5 (MapPartitionsRDD[30] at collect at utils.scala:204), which has no missing parents
20/02/06 00:22:21 INFO MemoryStore: Block broadcast_5 stored as values in memory (estimated size 30.1 KB, free 889.7 MB)
20/02/06 00:22:21 INFO MemoryStore: Block broadcast_5_piece0 stored as bytes in memory (estimated size 12.1 KB, free 889.6 MB)
20/02/06 00:22:21 INFO BlockManagerInfo: Added broadcast_5_piece0 in memory on localhost:53397 (size: 12.1 KB, free: 889.8 MB)
20/02/06 00:22:21 INFO SparkContext: Created broadcast 5 from broadcast at DAGScheduler.scala:1161
20/02/06 00:22:21 INFO DAGScheduler: Submitting 1 missing tasks from ResultStage 5 (MapPartitionsRDD[30] at collect at utils.scala:204) (first 15 tasks are for partitions Vector(0))
20/02/06 00:22:21 INFO TaskSchedulerImpl: Adding task set 5.0 with 1 tasks
20/02/06 00:22:21 WARN TaskSetManager: Stage 5 contains a task of very large size (27702 KB). The maximum recommended task size is 100 KB.
20/02/06 00:22:21 INFO TaskSetManager: Starting task 0.0 in stage 5.0 (TID 5, localhost, executor driver, partition 0, PROCESS_LOCAL, 28367228 bytes)
20/02/06 00:22:21 INFO Executor: Running task 0.0 in stage 5.0 (TID 5)
20/02/06 00:22:22 INFO BlockManagerInfo: Removed broadcast_3_piece0 on localhost:53397 in memory (size: 14.3 KB, free: 889.8 MB)
20/02/06 00:22:22 INFO BlockManagerInfo: Removed broadcast_4_piece0 on localhost:53397 in memory (size: 3.8 KB, free: 889.8 MB)
20/02/06 00:22:22 INFO BlockManager: Found block rdd_9_0 locally
20/02/06 00:22:22 INFO CodeGenerator: Code generated in 30.117981 ms
20/02/06 00:22:22 INFO Executor: 1 block locks were not released by TID = 5:
[rdd_9_0]
20/02/06 00:22:22 INFO Executor: Finished task 0.0 in stage 5.0 (TID 5). 2150 bytes result sent to driver
20/02/06 00:22:22 INFO TaskSetManager: Finished task 0.0 in stage 5.0 (TID 5) in 463 ms on localhost (executor driver) (1/1)
20/02/06 00:22:22 INFO TaskSchedulerImpl: Removed TaskSet 5.0, whose tasks have all completed, from pool 
20/02/06 00:22:22 INFO DAGScheduler: ResultStage 5 (collect at utils.scala:204) finished in 0.471 s
20/02/06 00:22:22 INFO DAGScheduler: Job 3 finished: collect at utils.scala:204, took 0.474326 s
20/02/06 00:26:27 INFO SparkContext: Invoking stop() from shutdown hook
20/02/06 00:26:27 INFO SparkUI: Stopped Spark web UI at http://localhost:4040
20/02/06 00:26:27 INFO MapOutputTrackerMasterEndpoint: MapOutputTrackerMasterEndpoint stopped!
20/02/06 00:26:27 INFO MemoryStore: MemoryStore cleared
20/02/06 00:26:27 INFO BlockManager: BlockManager stopped
20/02/06 00:26:27 INFO BlockManagerMaster: BlockManagerMaster stopped
20/02/06 00:26:27 INFO OutputCommitCoordinator$OutputCommitCoordinatorEndpoint: OutputCommitCoordinator stopped!
20/02/06 00:26:27 INFO SparkContext: Successfully stopped SparkContext
20/02/06 00:26:27 INFO ShutdownHookManager: Shutdown hook called
20/02/06 00:26:27 INFO ShutdownHookManager: Deleting directory /private/var/folders/ng/lwsgjtj52wx9kxct335y7_3h0000gq/T/spark-60f1243a-ddd1-4959-8cd3-67817fb9204a
20/02/06 00:26:27 INFO ShutdownHookManager: Deleting directory /private/var/folders/ng/lwsgjtj52wx9kxct335y7_3h0000gq/T/spark-3978fc28-389e-4879-9550-0ee1087b1837
